# JRE version: Java(TM) SE Runtime Environment (8.0_151-b12) (build 1.8.0_151-b12)
# Java VM: Java HotSpot(TM) Client VM (25.151-b12 mixed mode, sharing windows-x86 )
Heap:
 def new generation   total 78656K, used 10560K [0x04e00000, 0x0a350000, 0x0a350000)
  eden space 69952K,  14% used [0x04e00000, 0x0583d8b8, 0x09250000)
  from space 8704K,   0% used [0x09250000, 0x09262778, 0x09ad0000)
  to   space 8704K,   0% used [0x09ad0000, 0x09ad0000, 0x0a350000)
 tenured generation   total 174784K, used 135403K [0x0a350000, 0x14e00000, 0x14e00000)
   the space 174784K,  77% used [0x0a350000, 0x1278aed8, 0x1278b000, 0x14e00000)
 Metaspace       used 19976K, capacity 21118K, committed 21248K, reserved 21888K
GC Heap History (10 events):
Event: 63.844 GC heap before
{Heap before GC invocations=142 (full 10):
 def new generation   total 78656K, used 71775K [0x04e00000, 0x0a350000, 0x0a350000)
  eden space 69952K, 100% used [0x04e00000, 0x09250000, 0x09250000)
  from space 8704K,  20% used [0x09ad0000, 0x09c97d48, 0x0a350000)
  to   space 8704K,   0% used [0x09250000, 0x09250000, 0x09ad0000)
 tenured generation   total 174784K, used 133586K [0x0a350000, 0x14e00000, 0x14e00000)
   the space 174784K,  76% used [0x0a350000, 0x125c4bb0, 0x125c4c00, 0x14e00000)
 Metaspace       used 19888K, capacity 21054K, committed 21248K, reserved 21888K
Event: 63.846 GC heap after
Heap after GC invocations=143 (full 10):
 def new generation   total 78656K, used 1826K [0x04e00000, 0x0a350000, 0x0a350000)
  eden space 69952K,   0% used [0x04e00000, 0x04e00000, 0x09250000)
  from space 8704K,  20% used [0x09250000, 0x09418b70, 0x09ad0000)
  to   space 8704K,   0% used [0x09ad0000, 0x09ad0000, 0x0a350000)
 tenured generation   total 174784K, used 133586K [0x0a350000, 0x14e00000, 0x14e00000)
   the space 174784K,  76% used [0x0a350000, 0x125c4bb0, 0x125c4c00, 0x14e00000)
 Metaspace       used 19888K, capacity 21054K, committed 21248K, reserved 21888K
}
Event: 64.853 GC heap before
{Heap before GC invocations=143 (full 10):
 def new generation   total 78656K, used 71778K [0x04e00000, 0x0a350000, 0x0a350000)
  eden space 69952K, 100% used [0x04e00000, 0x09250000, 0x09250000)
  from space 8704K,  20% used [0x09250000, 0x09418b70, 0x09ad0000)
  to   space 8704K,   0% used [0x09ad0000, 0x09ad0000, 0x0a350000)
 tenured generation   total 174784K, used 133586K [0x0a350000, 0x14e00000, 0x14e00000)
   the space 174784K,  76% used [0x0a350000, 0x125c4bb0, 0x125c4c00, 0x14e00000)
 Metaspace       used 19888K, capacity 21054K, committed 21248K, reserved 21888K
Event: 64.856 GC heap after
Heap after GC invocations=144 (full 10):
 def new generation   total 78656K, used 38K [0x04e00000, 0x0a350000, 0x0a350000)
  eden space 69952K,   0% used [0x04e00000, 0x04e00000, 0x09250000)
  from space 8704K,   0% used [0x09ad0000, 0x09ad99f8, 0x0a350000)
  to   space 8704K,   0% used [0x09250000, 0x09250000, 0x09ad0000)
 tenured generation   total 174784K, used 135376K [0x0a350000, 0x14e00000, 0x14e00000)
   the space 174784K,  77% used [0x0a350000, 0x12784348, 0x12784400, 0x14e00000)
 Metaspace       used 19888K, capacity 21054K, committed 21248K, reserved 21888K
}
Event: 68.678 GC heap before
{Heap before GC invocations=144 (full 10):
 def new generation   total 78656K, used 69990K [0x04e00000, 0x0a350000, 0x0a350000)
  eden space 69952K, 100% used [0x04e00000, 0x09250000, 0x09250000)
  from space 8704K,   0% used [0x09ad0000, 0x09ad99f8, 0x0a350000)
  to   space 8704K,   0% used [0x09250000, 0x09250000, 0x09ad0000)
 tenured generation   total 174784K, used 135376K [0x0a350000, 0x14e00000, 0x14e00000)
   the space 174784K,  77% used [0x0a350000, 0x12784348, 0x12784400, 0x14e00000)
 Metaspace       used 19903K, capacity 21054K, committed 21248K, reserved 21888K
Event: 68.680 GC heap after
Heap after GC invocations=145 (full 10):
 def new generation   total 78656K, used 56K [0x04e00000, 0x0a350000, 0x0a350000)
  eden space 69952K,   0% used [0x04e00000, 0x04e00000, 0x09250000)
  from space 8704K,   0% used [0x09250000, 0x0925e260, 0x09ad0000)
  to   space 8704K,   0% used [0x09ad0000, 0x09ad0000, 0x0a350000)
 tenured generation   total 174784K, used 135379K [0x0a350000, 0x14e00000, 0x14e00000)
   the space 174784K,  77% used [0x0a350000, 0x12784d90, 0x12784e00, 0x14e00000)
 Metaspace       used 19903K, capacity 21054K, committed 21248K, reserved 21888K
}
Event: 69.613 GC heap before
{Heap before GC invocations=145 (full 10):
 def new generation   total 78656K, used 70008K [0x04e00000, 0x0a350000, 0x0a350000)
  eden space 69952K, 100% used [0x04e00000, 0x09250000, 0x09250000)
  from space 8704K,   0% used [0x09250000, 0x0925e260, 0x09ad0000)
  to   space 8704K,   0% used [0x09ad0000, 0x09ad0000, 0x0a350000)
 tenured generation   total 174784K, used 135379K [0x0a350000, 0x14e00000, 0x14e00000)
   the space 174784K,  77% used [0x0a350000, 0x12784d90, 0x12784e00, 0x14e00000)
 Metaspace       used 19908K, capacity 21054K, committed 21248K, reserved 21888K
Event: 69.615 GC heap after
Heap after GC invocations=146 (full 10):
 def new generation   total 78656K, used 65K [0x04e00000, 0x0a350000, 0x0a350000)
  eden space 69952K,   0% used [0x04e00000, 0x04e00000, 0x09250000)
  from space 8704K,   0% used [0x09ad0000, 0x09ae0618, 0x0a350000)
  to   space 8704K,   0% used [0x09250000, 0x09250000, 0x09ad0000)
 tenured generation   total 174784K, used 135403K [0x0a350000, 0x14e00000, 0x14e00000)
   the space 174784K,  77% used [0x0a350000, 0x1278aed8, 0x1278b000, 0x14e00000)
 Metaspace       used 19908K, capacity 21054K, committed 21248K, reserved 21888K
}
Event: 72.130 GC heap before
{Heap before GC invocations=146 (full 10):
 def new generation   total 78656K, used 70017K [0x04e00000, 0x0a350000, 0x0a350000)
  eden space 69952K, 100% used [0x04e00000, 0x09250000, 0x09250000)
  from space 8704K,   0% used [0x09ad0000, 0x09ae0618, 0x0a350000)
  to   space 8704K,   0% used [0x09250000, 0x09250000, 0x09ad0000)
 tenured generation   total 174784K, used 135403K [0x0a350000, 0x14e00000, 0x14e00000)
   the space 174784K,  77% used [0x0a350000, 0x1278aed8, 0x1278b000, 0x14e00000)
 Metaspace       used 19909K, capacity 21054K, committed 21248K, reserved 21888K
Event: 72.132 GC heap after
Heap after GC invocations=147 (full 10):
 def new generation   total 78656K, used 73K [0x04e00000, 0x0a350000, 0x0a350000)
  eden space 69952K,   0% used [0x04e00000, 0x04e00000, 0x09250000)
  from space 8704K,   0% used [0x09250000, 0x09262778, 0x09ad0000)
  to   space 8704K,   0% used [0x09ad0000, 0x09ad0000, 0x0a350000)
 tenured generation   total 174784K, used 135403K [0x0a350000, 0x14e00000, 0x14e00000)
   the space 174784K,  77% used [0x0a350000, 0x1278aed8, 0x1278b000, 0x14e00000)
 Metaspace       used 19909K, capacity 21054K, committed 21248K, reserved 21888K
}

